<?xml version="1.0" encoding="UTF-8"?>
<!-- Generated by org.testng.reporters.JUnitXMLReporter -->
<testsuite hostname="EPHUDEBW0136" tests="6" failures="0" timestamp="25 May 2016 12:18:15 GMT" time="56.743" errors="0">
  <testcase name="checkAValidLoginAndLogout" time="10.37" classname="HeaderTests"/>
  <testcase name="checkAllApps" time="9.575" classname="HeaderTests"/>
  <testcase name="checkTheHeaderIcon" time="9.572" classname="HeaderTests"/>
  <testcase name="checkTheNotifications" time="8.936" classname="HeaderTests"/>
  <testcase name="checkTheOwnProfile" time="8.92" classname="HeaderTests"/>
  <testcase name="checkTheSearchFieldWithSubmit" time="9.35" classname="HeaderTests"/>
</testsuite>
