<?xml version="1.0" encoding="UTF-8"?>
<testng-results skipped="0" failed="0" total="1" passed="1">
  <reporter-output>
  </reporter-output>
  <suite name="Default suite" duration-ms="10635" started-at="2016-05-25T06:21:46Z" finished-at="2016-05-25T06:21:57Z">
    <groups>
    </groups>
    <test name="Default test" duration-ms="10635" started-at="2016-05-25T06:21:46Z" finished-at="2016-05-25T06:21:57Z">
      <class name="HeaderTests">
        <test-method status="PASS" signature="checkAValidLoginAndLogout()[pri:0, instance:HeaderTests@4883b407]" name="checkAValidLoginAndLogout" duration-ms="10623" started-at="2016-05-25T08:21:46Z" finished-at="2016-05-25T08:21:57Z">
          <reporter-output>
          </reporter-output>
        </test-method> <!-- checkAValidLoginAndLogout -->
      </class> <!-- HeaderTests -->
    </test> <!-- Default test -->
  </suite> <!-- Default suite -->
</testng-results>
